 THE FOLLOWING FIRST DERIVATIVE ELEMENTS DIFFER BY MORE THAN TOL=    0.000000
   1 X    -49.13978813    -49.14411369      0.00432557
   1 Y    -49.13978813    -49.14411369      0.00432557
   1 Z    -69.49406648    -69.49814473      0.00407825
   2 X     49.13978813     49.14411369     -0.00432557
   2 Y     49.13978813     49.14411369     -0.00432557
   2 Z     69.49406648     69.49814473     -0.00407825
 A TOTAL OF     0 ELEMENTS WERE WITHIN THE TOLERANCE
 THE FOLLOWING SECOND DERIVATIVE ELEMENTS DIFFER BY MORE THAN TOL=    0.000000
   1 X -  1 X    311.71752243    311.71497825    311.71497825      0.00254418         1
   1 X -  1 Y    196.09449154    196.08855447    196.08855447      0.00593708         2
   1 X -  1 Z    277.31913693    277.31673778    277.31074065      0.00539772         3
   1 X -  2 X   -311.71752243   -311.71497825   -311.71497825     -0.00254418         4
   1 X -  2 Y   -196.09449154   -196.08855447   -196.08855447     -0.00593708         5
   1 X -  2 Z   -277.31913693   -277.31673778   -277.31074065     -0.00539772         6
   1 Y -  1 Y    311.71752243    311.71497825    311.71497825      0.00254418         7
   1 Y -  1 Z    277.31913693    277.31673778    277.31074065      0.00539772         8
   1 Y -  2 X   -196.09449154   -196.08855447   -196.08855447     -0.00593708         9
   1 Y -  2 Y   -311.71752243   -311.71497825   -311.71497825     -0.00254418        10
   1 Y -  2 Z   -277.31913693   -277.31673778   -277.31074065     -0.00539772        11
   1 Z -  1 Z    507.81101691    507.80083914    507.80083914      0.01017777        12
   1 Z -  2 X   -277.31913693   -277.31074065   -277.31673778     -0.00539772        13
   1 Z -  2 Y   -277.31913693   -277.31074065   -277.31673778     -0.00539772        14
   1 Z -  2 Z   -507.81101691   -507.80083914   -507.80083914     -0.01017777        15
   2 X -  2 X    311.71752243    311.71497825    311.71497825      0.00254418        16
   2 X -  2 Y    196.09449154    196.08855447    196.08855447      0.00593708        17
   2 X -  2 Z    277.31913693    277.31673778    277.31074065      0.00539772        18
   2 Y -  2 Y    311.71752243    311.71497825    311.71497825      0.00254418        19
   2 Y -  2 Z    277.31913693    277.31673778    277.31074065      0.00539772        20
   2 Z -  2 Z    507.81101691    507.80083914    507.80083914      0.01017777        21
 A TOTAL OF     0 ELEMENTS WERE WITHIN THE TOLERANCE
 THE TRACE OF THE HESSIAN FOR ALL SELECTED ATOMS IS     2262.492124
