    2
        5.3660349058
      -49.1397881259      -49.1397881259      -69.4940664828
       49.1397881259       49.1397881259       69.4940664828
      311.7175224272
      196.0944915428
      277.3191369339
     -311.7175224272
     -196.0944915428
     -277.3191369339
      311.7175224272
      277.3191369339
     -196.0944915428
     -311.7175224272
     -277.3191369339
      507.8110169144
     -277.3191369339
     -277.3191369339
     -507.8110169144
      311.7175224272
      196.0944915428
      277.3191369339
      311.7175224272
      277.3191369339
      507.8110169144
        0.0000000000        0.0000000000        0.0000000000
        0.4250000000        0.4250000000        0.6010400000
